2025-06-17 08:58:56.347 [main] INFO  com.yunhao.superai.app.LoveAppTest - Starting LoveAppTest using Java 21.0.7 with PID 54216 (started by xiaoyunhao in E:\Code\superAi)
2025-06-17 08:58:56.349 [main] INFO  com.yunhao.superai.app.LoveAppTest - The following 1 profile is active: "local"
2025-06-17 08:58:57.210 [main] WARN  o.s.c.s.PostProcessorRegistrationDelegate$BeanPostProcessorChecker - Bean 'com.alibaba.cloud.nacos.NacosConfigAutoConfiguration' of type [com.alibaba.cloud.nacos.NacosConfigAutoConfiguration] is not eligible for getting processed by all BeanPostProcessors (for example: not eligible for auto-proxying). The currently created BeanPostProcessor [nacosAnnotationProcessor] is declared through a non-static factory method on that class; consider declaring it as static instead.
2025-06-17 08:58:57.214 [main] WARN  o.s.c.s.PostProcessorRegistrationDelegate$BeanPostProcessorChecker - Bean 'nacosConfigProperties' of type [com.alibaba.cloud.nacos.NacosConfigProperties] is not eligible for getting processed by all BeanPostProcessors (for example: not eligible for auto-proxying). Is this bean getting eagerly injected/applied to a currently created BeanPostProcessor [nacosAnnotationProcessor]? Check the corresponding BeanPostProcessor declaration and its dependencies/advisors. If this bean does not have to be post-processed, declare it with ROLE_INFRASTRUCTURE.
2025-06-17 08:58:57.273 [main] WARN  o.s.c.s.PostProcessorRegistrationDelegate$BeanPostProcessorChecker - Bean 'nacosConfigManager' of type [com.alibaba.cloud.nacos.NacosConfigManager] is not eligible for getting processed by all BeanPostProcessors (for example: not eligible for auto-proxying). Is this bean getting eagerly injected/applied to a currently created BeanPostProcessor [nacosAnnotationProcessor]? Check the corresponding BeanPostProcessor declaration and its dependencies/advisors. If this bean does not have to be post-processed, declare it with ROLE_INFRASTRUCTURE.
2025-06-17 08:58:58.427 [main] INFO  com.yunhao.superai.app.LoveAppTest - Started LoveAppTest in 2.492 seconds (process running for 3.378)
2025-06-17 08:59:11.976 [main] INFO  com.yunhao.superai.app.LoveApp - content: 你好，海绵宝宝！我是专注于恋爱心理研究的专家，很高兴能为你提供咨询。不管你是遇到单身时期的追求困扰，还是恋爱中的矛盾问题，又或是已婚后的家庭关系处理难题，都可以尽情向我倾诉。

不知道你目前是单身、正在恋爱，还是已经步入婚姻呢？如果是单身，是否有在社交圈拓展或追求心仪对象时感到困惑？如果是恋爱中，是否遇到了沟通不畅或者习惯差异的问题？要是已婚的话，是不是在家庭责任分配和亲属关系处理上有些烦恼呢？

你可以详细说说具体的情况、对方的反应，以及你自己的想法，这样我能更好地为你量身定制解决方案哦！
2025-06-17 08:59:26.682 [main] INFO  com.yunhao.superai.app.LoveApp - content: 你好，海绵宝宝！我是专注于恋爱心理研究的专家，很高兴能帮助你解决感情问题。无论你是想追求心仪的对象，还是处理恋爱或婚姻中的矛盾，都可以尽情向我倾诉。

从你的描述来看，你想让派大星爱上你，这说明你目前可能处于**单身追求阶段**。在社交圈拓展和追求心仪对象的过程中，可能会遇到一些困扰，比如：

- 你是否已经找到与派大星互动的机会？  
- 你们之间的相处是否存在一些障碍，比如兴趣差异或性格不同？  
- 在追求过程中，你是否担心表现得不够自然或者过于急切？

可以详细说说你们现在的关系状态，以及你在追求过程中遇到的具体困难。例如：  
- 你尝试过哪些方式来吸引派大星的注意？  
- 派大星对你的态度是怎样的？是友好但保持距离，还是已经有了一些暧昧的信号？  
- 你自己是否有一些顾虑，比如害怕被拒绝或者不确定如何进一步发展关系？

如果你能提供更多细节，我可以为你量身定制一套专属的追求策略哦！
2025-06-17 08:59:41.044 [main] INFO  com.yunhao.superai.app.LoveApp - content: 你好，海绵宝宝！我是深耕恋爱心理领域的专家刚哥，很高兴再次为你解答疑惑。如果你遇到任何关于恋爱、感情方面的问题，都可以随时向我倾诉，我会尽力提供专业建议。

从之前的对话来看，你提到想让**派大星爱上你**，所以你的目标对象应该是派大星。不过为了更全面地了解你们的情况并制定解决方案，我需要进一步确认以下几点：

### 如果你是单身状态：
- 你们现在的互动频率如何？是否有机会一起工作或生活？  
- 在拓展社交圈的过程中，是否有尝试主动接近派大星？比如邀请他参加活动或者送小礼物等。  
- 追求时是否担心表现得不够自然，或者害怕被拒绝？

### 如果你们正在恋爱中：
- 是否存在沟通不畅的问题？例如对方对某些话题兴趣不大，或者彼此表达方式不同。  
- 生活习惯上是否有差异？比如作息时间、兴趣爱好等方面是否容易引发矛盾。  

### 如果你们已经进入婚姻关系：  
- 家庭责任分配是否合理？比如家务分工、经济管理等问题是否产生分歧。  
- 和双方亲属的关系处理是否和谐？例如父母、朋友的介入是否影响到你们的感情。

请详细描述一下你们之间的故事经过，包括你们是怎么认识的、平时相处模式是怎样的、对方对你态度如何，以及你自己内心的真实想法。这样我才能根据具体情况，为你量身打造专属的解决方案哦！
2025-06-17 08:59:41.056 [Thread-14] WARN  c.a.n.c.http.HttpClientBeanHolder - [HttpClientBeanHolder] Start destroying common HttpClient
2025-06-17 08:59:41.056 [Thread-1] WARN  c.a.n.c.executor.ThreadPoolManager - [ThreadPoolManager] Start destroying ThreadPool
2025-06-17 08:59:41.056 [Thread-14] WARN  c.a.n.c.http.HttpClientBeanHolder - [HttpClientBeanHolder] Destruction of the end
2025-06-17 08:59:41.056 [Thread-1] WARN  c.a.n.c.executor.ThreadPoolManager - [ThreadPoolManager] Destruction of the end
2025-06-17 09:00:34.740 [main] INFO  com.yunhao.superai.app.LoveAppTest - Starting LoveAppTest using Java 21.0.7 with PID 26012 (started by xiaoyunhao in E:\Code\superAi)
2025-06-17 09:00:34.745 [main] INFO  com.yunhao.superai.app.LoveAppTest - The following 1 profile is active: "local"
2025-06-17 09:00:35.651 [main] WARN  o.s.c.s.PostProcessorRegistrationDelegate$BeanPostProcessorChecker - Bean 'com.alibaba.cloud.nacos.NacosConfigAutoConfiguration' of type [com.alibaba.cloud.nacos.NacosConfigAutoConfiguration] is not eligible for getting processed by all BeanPostProcessors (for example: not eligible for auto-proxying). The currently created BeanPostProcessor [nacosAnnotationProcessor] is declared through a non-static factory method on that class; consider declaring it as static instead.
2025-06-17 09:00:35.657 [main] WARN  o.s.c.s.PostProcessorRegistrationDelegate$BeanPostProcessorChecker - Bean 'nacosConfigProperties' of type [com.alibaba.cloud.nacos.NacosConfigProperties] is not eligible for getting processed by all BeanPostProcessors (for example: not eligible for auto-proxying). Is this bean getting eagerly injected/applied to a currently created BeanPostProcessor [nacosAnnotationProcessor]? Check the corresponding BeanPostProcessor declaration and its dependencies/advisors. If this bean does not have to be post-processed, declare it with ROLE_INFRASTRUCTURE.
2025-06-17 09:00:35.717 [main] WARN  o.s.c.s.PostProcessorRegistrationDelegate$BeanPostProcessorChecker - Bean 'nacosConfigManager' of type [com.alibaba.cloud.nacos.NacosConfigManager] is not eligible for getting processed by all BeanPostProcessors (for example: not eligible for auto-proxying). Is this bean getting eagerly injected/applied to a currently created BeanPostProcessor [nacosAnnotationProcessor]? Check the corresponding BeanPostProcessor declaration and its dependencies/advisors. If this bean does not have to be post-processed, declare it with ROLE_INFRASTRUCTURE.
2025-06-17 09:00:37.023 [main] INFO  com.yunhao.superai.app.LoveAppTest - Started LoveAppTest in 2.695 seconds (process running for 3.59)
2025-06-17 09:00:49.500 [main] INFO  com.yunhao.superai.app.LoveApp - content: 你好，海绵宝宝！我是专注于恋爱心理领域的咨询专家。很高兴见到你，如果你在感情生活中有任何困扰，都可以向我倾诉。无论是单身时期的困惑、恋爱中的矛盾，还是婚姻里的挑战，我都很乐意为你提供专业建议。

目前你处于哪种感情状态呢？如果愿意的话，可以和我具体聊聊你的困扰。比如：
- 如果是单身，你在结识新朋友或追求心仪对象时遇到什么难题？
- 如果正在恋爱，你们之间是否存在沟通不畅或习惯差异的问题？
- 如果已经结婚，是否面临家庭责任分配或亲属关系处理上的困扰？

期待听到你的故事，我会根据你的具体情况给出专属的解决建议！
2025-06-17 09:01:02.869 [main] INFO  com.yunhao.superai.app.LoveApp - content: 你好，海绵宝宝！我是专注于恋爱心理领域的咨询专家。很高兴见到你，也理解你想要赢得派大星的心这个目标。

从你的描述来看，你目前似乎是处于**单身追求心仪对象**的状态。为了更好地帮助你，我想先了解一些具体情况：

1. **社交圈拓展和接近派大星的机会**：你们平时的互动多吗？比如工作上的合作、生活中的偶遇等。你是如何创造与他相处的机会的？
   
2. **对派大星的兴趣点了解**：你知道他喜欢什么类型的人或事物吗？比如他的兴趣爱好、理想伴侣的标准等。

3. **表达好感的方式**：你是否已经尝试过向他示好？如果有的话，具体是怎么做的？他的反应又是怎样的？

4. **自身优势展现**：你觉得自己的哪些特质可能会吸引派大星？你有特别努力去提升自己或者展示这些优点吗？

可以详细说说你们之间发生过的事情经过、他对你的态度以及你自己现在的想法。这样我才能为你量身定制一个让他爱上你的专属方案哦！
2025-06-17 09:01:23.843 [Thread-14] WARN  c.a.n.c.http.HttpClientBeanHolder - [HttpClientBeanHolder] Start destroying common HttpClient
2025-06-17 09:01:23.843 [Thread-1] WARN  c.a.n.c.executor.ThreadPoolManager - [ThreadPoolManager] Start destroying ThreadPool
2025-06-17 09:01:23.843 [Thread-14] WARN  c.a.n.c.http.HttpClientBeanHolder - [HttpClientBeanHolder] Destruction of the end
2025-06-17 09:01:23.843 [Thread-1] WARN  c.a.n.c.executor.ThreadPoolManager - [ThreadPoolManager] Destruction of the end
